[02:15:30] [main/INFO] (FabricLoader/GameProvider) Loading Minecraft 1.18.2 with Fabric Loader 0.13.3
[02:15:30] [main/INFO] (FabricLoader) Loading 49 mods:
	- fabric 0.51.1+1.18.2
	- fabric-api-base 0.4.4+d7c144a860
	- fabric-api-lookup-api-v1 1.6.0+2373a54560
	- fabric-biome-api-v1 8.0.4+7b0f312660
	- fabric-blockrenderlayer-v1 1.1.12+3ac43d9560
	- fabric-command-api-v1 1.1.9+d7c144a860
	- fabric-commands-v0 0.2.8+b4f4f6cd60
	- fabric-containers-v0 0.1.21+d7c144a860
	- fabric-content-registries-v0 3.0.3+d82b939260
	- fabric-convention-tags-v1 1.0.1+474e4f7960
	- fabric-crash-report-info-v1 0.1.11+3ac43d9560
	- fabric-data-generation-api-v1 2.0.9+e19de87d60
	- fabric-dimensions-v1 2.1.17+2540745460
	- fabric-entity-events-v1 1.4.8+d7c144a860
	- fabric-events-interaction-v0 0.4.19+d7c144a860
	- fabric-events-lifecycle-v0 0.2.14+d7c144a860
	- fabric-game-rule-api-v1 1.0.13+d7c144a860
	- fabric-gametest-api-v1 1.0.16+91b7aa6660
	- fabric-item-api-v1 1.4.0+4457765560
	- fabric-item-groups-v0 0.3.11+91896a4960
	- fabric-key-binding-api-v1 1.0.12+54e5b2ec60
	- fabric-keybindings-v0 0.2.10+b4f4f6cd60
	- fabric-lifecycle-events-v1 2.0.3+2d83e92c60
	- fabric-loot-tables-v1 1.0.11+d7c144a860
	- fabric-mining-level-api-v1 2.1.0+81ea5b3c60
	- fabric-models-v0 0.3.6+d7c144a860
	- fabric-networking-api-v1 1.0.21+d882b91560
	- fabric-networking-v0 0.3.8+b4f4f6cd60
	- fabric-object-builder-api-v1 2.1.0+fe4ddef060
	- fabric-particles-v1 0.2.12+526dc1ac60
	- fabric-registry-sync-v0 0.9.8+0d9ab37260
	- fabric-renderer-api-v1 0.4.13+d882b91560
	- fabric-renderer-indigo 0.5.0+7faf0d8860
	- fabric-renderer-registries-v1 3.2.11+b4f4f6cd60
	- fabric-rendering-data-attachment-v1 0.3.7+d7c144a860
	- fabric-rendering-fluids-v1 2.0.2+54e5b2ec60
	- fabric-rendering-v0 1.1.13+b4f4f6cd60
	- fabric-rendering-v1 1.10.7+54e5b2ec60
	- fabric-resource-conditions-api-v1 2.0.3+91b7aa6660
	- fabric-resource-loader-v0 0.4.18+2de5574560
	- fabric-screen-api-v1 1.0.10+d882b91560
	- fabric-screen-handler-api-v1 1.2.0+1f6558e860
	- fabric-textures-v0 1.0.12+3ac43d9560
	- fabric-transfer-api-v1 1.6.0+2373a54560
	- fabric-transitive-access-wideners-v1 1.0.0+bd8a4a1860
	- fabricloader 0.13.3
	- java 17
	- minecraft 1.18.2
	- quintairmod 1.18.2-0.0.1
[02:15:31] [main/INFO] (FabricLoader/Mixin) SpongePowered MIXIN Subsystem Version=0.8.5 Source=file:/D:/Users/Quintair/.gradle/caches/modules-2/files-2.1/net.fabricmc/sponge-mixin/0.11.2+mixin.0.8.5/f4ae569d559b5e3244b67321945261d83ff7ad8e/sponge-mixin-0.11.2+mixin.0.8.5.jar Service=Knot/Fabric Env=CLIENT
[02:15:31] [main/INFO] (FabricLoader/Mixin) Loaded Fabric development mappings for mixin remapper!
[02:15:31] [main/INFO] (FabricLoader/Mixin) Compatibility level set to JAVA_16
[02:15:31] [main/INFO] (FabricLoader/Mixin) Compatibility level set to JAVA_17
[02:15:38] [main/WARN] (PerfDataUtil) Failed to update counter. Error code: 0x800007D5
[02:15:38] [main/WARN] (PerfCounterQuery) Disabling further attempts to query Paging File.
[02:15:53] [Render thread/INFO] (Minecraft) Environment: authHost='https://authserver.mojang.com', accountsHost='https://api.mojang.com', sessionHost='https://sessionserver.mojang.com', servicesHost='https://api.minecraftservices.com', name='PROD'
[02:15:56] [Render thread/ERROR] (Minecraft) Failed to verify authentication
com.mojang.authlib.exceptions.InvalidCredentialsException: Status: 401
	at com.mojang.authlib.exceptions.MinecraftClientHttpException.toAuthenticationException(MinecraftClientHttpException.java:56) ~[authlib-3.3.39.jar:?]
	at com.mojang.authlib.yggdrasil.YggdrasilUserApiService.fetchProperties(YggdrasilUserApiService.java:132) ~[authlib-3.3.39.jar:?]
	at com.mojang.authlib.yggdrasil.YggdrasilUserApiService.<init>(YggdrasilUserApiService.java:44) ~[authlib-3.3.39.jar:?]
	at com.mojang.authlib.yggdrasil.YggdrasilAuthenticationService.createUserApiService(YggdrasilAuthenticationService.java:153) ~[authlib-3.3.39.jar:?]
	at net.minecraft.client.MinecraftClient.createUserApiService(MinecraftClient.java:680) [minecraft-project-@-merged-named.jar:?]
	at net.minecraft.client.MinecraftClient.<init>(MinecraftClient.java:424) [minecraft-project-@-merged-named.jar:?]
	at net.minecraft.client.main.Main.main(Main.java:197) [minecraft-project-@-merged-named.jar:?]
	at jdk.internal.reflect.NativeMethodAccessorImpl.invoke0(Native Method) ~[?:?]
	at jdk.internal.reflect.NativeMethodAccessorImpl.invoke(NativeMethodAccessorImpl.java:77) ~[?:?]
	at jdk.internal.reflect.DelegatingMethodAccessorImpl.invoke(DelegatingMethodAccessorImpl.java:43) ~[?:?]
	at java.lang.reflect.Method.invoke(Method.java:568) ~[?:?]
	at net.fabricmc.loader.impl.game.minecraft.MinecraftGameProvider.launch(MinecraftGameProvider.java:416) [fabric-loader-0.13.3.jar:?]
	at net.fabricmc.loader.impl.launch.knot.Knot.launch(Knot.java:77) [fabric-loader-0.13.3.jar:?]
	at net.fabricmc.loader.impl.launch.knot.KnotClient.main(KnotClient.java:23) [fabric-loader-0.13.3.jar:?]
	at net.fabricmc.devlaunchinjector.Main.main(Main.java:86) [dev-launch-injector-0.2.1+build.8.jar:?]
Caused by: com.mojang.authlib.exceptions.MinecraftClientHttpException: Status: 401
	at com.mojang.authlib.minecraft.client.MinecraftClient.readInputStream(MinecraftClient.java:78) ~[authlib-3.3.39.jar:?]
	at com.mojang.authlib.minecraft.client.MinecraftClient.get(MinecraftClient.java:48) ~[authlib-3.3.39.jar:?]
	at com.mojang.authlib.yggdrasil.YggdrasilUserApiService.fetchProperties(YggdrasilUserApiService.java:113) ~[authlib-3.3.39.jar:?]
	... 13 more
[02:15:56] [Render thread/INFO] (Minecraft) Setting user: Player785
[02:15:56] [Render thread/INFO] (quintairmod) Registering Mod Items for quintairmod
[02:15:56] [Render thread/INFO] (quintairmod) Registering Mod Blocks for quintairmod
[02:15:56] [Render thread/INFO] (quintairmod) Registering Fuels for quintairmod
[02:15:57] [Render thread/INFO] (Indigo) [Indigo] Registering Indigo renderer!
[02:15:58] [Render thread/INFO] (Minecraft) Backend library: LWJGL version 3.2.2 build 10
[02:16:04] [Render thread/INFO] (Minecraft) Narrator library for x64 successfully loaded
[02:16:04] [Render thread/INFO] (Minecraft) Reloading ResourceManager: Default, Fabric Mods (Fabric Key Bindings (v0), Fabric Networking API (v1), Fabric Renderer API (v1), Fabric Registry Sync (v0), Fabric API Lookup API (v1), Fabric Convention Tags, Fabric API Base, Fabric Transitive Access Wideners (v1), Fabric Rendering (v1), Fabric Containers (v0), Fabric Game Test API (v1), Fabric Mining Level API (v1), Fabric Item Groups (v0), Fabric Rendering (v0), Fabric Particles (v1), Fabric Crash Report Info (v1), Fabric Transfer API (v1), Quintair Mod, Fabric Renderer - Indigo, Fabric Events Lifecycle (v0), Fabric Resource Loader (v0), Fabric Item API (v1), Fabric Networking (v0), Fabric Screen Handler API (v1), Fabric API, Fabric Biome API (v1), Fabric Textures (v0), Fabric Content Registries (v0), Fabric Rendering Fluids (v1), Fabric Data Generation API (v1), Fabric Models (v0), Fabric Key Binding API (v1), Fabric Rendering Data Attachment (v1), Fabric Renderer Registries (v1), Fabric Object Builder API (v1), Fabric Loader, Fabric Commands (v0), Fabric Dimensions API (v1), Fabric Loot Tables (v1), Fabric Game Rule API (v1), Fabric BlockRenderLayer Registration (v1), Fabric Command API (v1), Fabric Resource Conditions API (v1), Fabric Entity Events (v1), Fabric Lifecycle Events (v1), Fabric Screen API (v1), Fabric Events Interaction (v0))
[02:16:05] [Render thread/INFO] (quintairmod) This line is printed by an example mod mixin!
[02:16:05] [Render thread/INFO] (quintairmod) This line is printed by an example mod mixin!
[02:16:05] [Render thread/INFO] (quintairmod) This line is printed by an example mod mixin!
[02:16:06] [Realms Notification Availability checker #1/INFO] (Minecraft) Could not authorize you against Realms server: Invalid session id
[02:16:10] [Worker-Main-13/WARN] (Minecraft) Texture quintairmod:item/sprat with size 500x500 limits mip level from 4 to 2
[02:16:10] [Worker-Main-13/WARN] (Minecraft) minecraft:textures/atlas/blocks.png: dropping miplevel from 4 to 2, because of minimum power of two: 4
[02:16:12] [Render thread/INFO] (Minecraft) OpenAL initialized on device OpenAL Soft on FxSound Speakers (FxSound Audio Enhancer)
[02:16:12] [Render thread/INFO] (Minecraft) Sound engine started
[02:16:12] [Render thread/INFO] (Minecraft) Created: 2048x1024x2 minecraft:textures/atlas/blocks.png-atlas
[02:16:12] [Render thread/INFO] (Minecraft) Created: 256x128x4 minecraft:textures/atlas/signs.png-atlas
[02:16:12] [Render thread/INFO] (Minecraft) Created: 1024x512x4 minecraft:textures/atlas/banner_patterns.png-atlas
[02:16:12] [Render thread/INFO] (Minecraft) Created: 1024x512x4 minecraft:textures/atlas/shield_patterns.png-atlas
[02:16:12] [Render thread/INFO] (Minecraft) Created: 256x256x4 minecraft:textures/atlas/chest.png-atlas
[02:16:12] [Render thread/INFO] (Minecraft) Created: 512x256x4 minecraft:textures/atlas/beds.png-atlas
[02:16:12] [Render thread/INFO] (Minecraft) Created: 512x256x4 minecraft:textures/atlas/shulker_boxes.png-atlas
[02:16:14] [Render thread/INFO] (Minecraft) Created: 256x256x0 minecraft:textures/atlas/particles.png-atlas
[02:16:14] [Render thread/INFO] (Minecraft) Created: 256x256x0 minecraft:textures/atlas/paintings.png-atlas
[02:16:14] [Render thread/INFO] (Minecraft) Created: 256x128x0 minecraft:textures/atlas/mob_effects.png-atlas
[02:16:14] [Render thread/INFO] (quintairmod) This line is printed by an example mod mixin!
[02:16:25] [Render thread/WARN] (Minecraft) Ambiguity between arguments [teleport, location] and [teleport, destination] with inputs: [0.1 -0.5 .9, 0 0 0]
[02:16:25] [Render thread/WARN] (Minecraft) Ambiguity between arguments [teleport, location] and [teleport, targets] with inputs: [0.1 -0.5 .9, 0 0 0]
[02:16:25] [Render thread/WARN] (Minecraft) Ambiguity between arguments [teleport, destination] and [teleport, targets] with inputs: [Player, 0123, @e, dd12be42-52a9-4a91-a8a1-11c01849e498]
[02:16:25] [Render thread/WARN] (Minecraft) Ambiguity between arguments [teleport, targets] and [teleport, destination] with inputs: [Player, 0123, dd12be42-52a9-4a91-a8a1-11c01849e498]
[02:16:25] [Render thread/WARN] (Minecraft) Ambiguity between arguments [teleport, targets, location] and [teleport, targets, destination] with inputs: [0.1 -0.5 .9, 0 0 0]
[02:16:27] [Render thread/INFO] (Minecraft) Loaded 7 recipes
[02:16:28] [Render thread/INFO] (Minecraft) Loaded 1141 advancements
[02:16:30] [Render thread/INFO] (Minecraft) Environment: authHost='https://authserver.mojang.com', accountsHost='https://api.mojang.com', sessionHost='https://sessionserver.mojang.com', servicesHost='https://api.minecraftservices.com', name='PROD'
[02:16:30] [Render thread/INFO] (BiomeModificationImpl) Applied 0 biome modifications to 0 of 61 new biomes in 4.601 ms
[02:16:31] [Server thread/INFO] (Minecraft) Starting integrated minecraft server version 1.18.2
[02:16:31] [Server thread/INFO] (Minecraft) Generating keypair
[02:16:31] [Server thread/INFO] (Minecraft) Preparing start region for dimension minecraft:overworld
[02:16:34] [Render thread/INFO] (Minecraft) Подготовка области возрождения: 0%
[02:16:34] [Render thread/INFO] (Minecraft) Подготовка области возрождения: 0%
[02:16:34] [Render thread/INFO] (Minecraft) Подготовка области возрождения: 0%
[02:16:34] [Render thread/INFO] (Minecraft) Подготовка области возрождения: 0%
[02:16:34] [Render thread/INFO] (Minecraft) Подготовка области возрождения: 0%
[02:16:34] [Render thread/INFO] (Minecraft) Подготовка области возрождения: 0%
[02:16:34] [Render thread/INFO] (Minecraft) Подготовка области возрождения: 0%
[02:16:35] [Render thread/INFO] (Minecraft) Подготовка области возрождения: 0%
[02:16:35] [Render thread/INFO] (Minecraft) Подготовка области возрождения: 0%
[02:16:36] [Render thread/INFO] (Minecraft) Подготовка области возрождения: 0%
[02:16:36] [Render thread/INFO] (Minecraft) Подготовка области возрождения: 0%
[02:16:37] [Render thread/INFO] (Minecraft) Подготовка области возрождения: 0%
[02:16:37] [Render thread/INFO] (Minecraft) Подготовка области возрождения: 0%
[02:16:38] [Render thread/INFO] (Minecraft) Подготовка области возрождения: 1%
[02:16:38] [Render thread/INFO] (Minecraft) Подготовка области возрождения: 3%
[02:16:39] [Render thread/INFO] (Minecraft) Подготовка области возрождения: 6%
[02:16:39] [Render thread/INFO] (Minecraft) Подготовка области возрождения: 6%
[02:16:40] [Render thread/INFO] (Minecraft) Подготовка области возрождения: 6%
[02:16:40] [Render thread/INFO] (Minecraft) Подготовка области возрождения: 6%
[02:16:41] [Render thread/INFO] (Minecraft) Подготовка области возрождения: 7%
[02:16:41] [Render thread/INFO] (Minecraft) Подготовка области возрождения: 14%
[02:16:42] [Render thread/INFO] (Minecraft) Подготовка области возрождения: 19%
[02:16:42] [Render thread/INFO] (Minecraft) Подготовка области возрождения: 29%
[02:16:43] [Render thread/INFO] (Minecraft) Подготовка области возрождения: 55%
[02:16:43] [Render thread/INFO] (Minecraft) Подготовка области возрождения: 79%
[02:16:44] [Render thread/INFO] (Minecraft) Подготовка области возрождения: 96%
[02:16:45] [Render thread/INFO] (Minecraft) Time elapsed: 13387 ms
[02:16:45] [Server thread/INFO] (Minecraft) Changing view distance to 12, from 10
[02:16:45] [Server thread/INFO] (Minecraft) Changing simulation distance to 12, from 0
[02:16:47] [Server thread/INFO] (Minecraft) Player785[local:E:5899af18] logged in with entity id 7 at (2.011963964922376, -8.0, -8.075866179910703)
[02:16:47] [Server thread/INFO] (Minecraft) Player785 присоединился к игре
[02:16:49] [Render thread/INFO] (Minecraft) Loaded 0 advancements
[02:17:00] [Server thread/INFO] (Minecraft) Saving and pausing game...
[02:17:00] [Server thread/INFO] (Minecraft) Saving chunks for level 'ServerLevel[New World]'/minecraft:overworld
[02:17:00] [Server thread/INFO] (Minecraft) Saving chunks for level 'ServerLevel[New World]'/minecraft:the_nether
[02:17:00] [Server thread/INFO] (Minecraft) Saving chunks for level 'ServerLevel[New World]'/minecraft:the_end
[02:17:14] [Render thread/INFO] (Minecraft) Loaded 15 advancements
[02:17:38] [Server thread/INFO] (Minecraft) [Player785: Ваш режим игры изменён на Режим выживания]
[02:17:38] [Render thread/INFO] (Minecraft) [CHAT] Ваш режим игры изменён на Режим выживания
[02:17:42] [Server thread/INFO] (Minecraft) [Player785: Ваш режим игры изменён на Творческий режим]
[02:17:42] [Render thread/INFO] (Minecraft) [CHAT] Ваш режим игры изменён на Творческий режим
[02:17:46] [Server thread/INFO] (Minecraft) [Player785: Ваш режим игры изменён на Режим выживания]
[02:17:46] [Render thread/INFO] (Minecraft) [CHAT] Ваш режим игры изменён на Режим выживания
[02:18:11] [Server thread/INFO] (Minecraft) [Player785: Сущность «Волк» создана]
[02:18:11] [Render thread/INFO] (Minecraft) [CHAT] Сущность «Волк» создана
[02:18:55] [Server thread/INFO] (Minecraft) [Player785: Выдано 30 [Кость] игроку Player785]
[02:18:55] [Render thread/INFO] (Minecraft) [CHAT] Выдано 30 [Кость] игроку Player785
[02:18:55] [Render thread/INFO] (Minecraft) Loaded 17 advancements
[02:18:59] [Server thread/INFO] (Minecraft) Player785 получил достижение «[Друг человека]»
[02:18:59] [Render thread/INFO] (Minecraft) [CHAT] Player785 получил достижение «[Друг человека]»
[02:18:59] [Render thread/INFO] (Minecraft) Loaded 17 advancements
[02:20:16] [Server thread/INFO] (Minecraft) [Player785: Применён эффект «Голод» к Player785]
[02:20:16] [Render thread/INFO] (Minecraft) [CHAT] Применён эффект «Голод» к Player785
[02:20:24] [Server thread/INFO] (Minecraft) [Player785: Применён эффект «Голод» к Player785]
[02:20:24] [Render thread/INFO] (Minecraft) [CHAT] Применён эффект «Голод» к Player785
[02:20:31] [Render thread/INFO] (Minecraft) [CHAT] Не удалось применить указанный эффект (цель невосприимчива к эффектам или имеет эффект с более высоким уровнем)
[02:20:40] [Server thread/INFO] (Minecraft) [Player785: Применён эффект «Голод» к Player785]
[02:20:40] [Render thread/INFO] (Minecraft) [CHAT] Применён эффект «Голод» к Player785
[02:20:59] [Render thread/INFO] (Minecraft) [CHAT] Не удалось применить указанный эффект (цель невосприимчива к эффектам или имеет эффект с более высоким уровнем)
[02:21:05] [Server thread/INFO] (Minecraft) [Player785: Применён эффект «Голод» к Player785]
[02:21:05] [Render thread/INFO] (Minecraft) [CHAT] Применён эффект «Голод» к Player785
[02:21:16] [Server thread/INFO] (Minecraft) [Player785: Применён эффект «Голод» к Player785]
[02:21:16] [Render thread/INFO] (Minecraft) [CHAT] Применён эффект «Голод» к Player785
[02:21:26] [Render thread/INFO] (Minecraft) [CHAT] Не удалось применить указанный эффект (цель невосприимчива к эффектам или имеет эффект с более высоким уровнем)
[02:21:33] [Render thread/INFO] (Minecraft) [CHAT] Не удалось применить указанный эффект (цель невосприимчива к эффектам или имеет эффект с более высоким уровнем)
[02:21:46] [Server thread/INFO] (Minecraft) [Player785: Убраны все эффекты с Player785]
[02:21:46] [Render thread/INFO] (Minecraft) [CHAT] Убраны все эффекты с Player785
[02:22:32] [Render thread/INFO] (Minecraft) [CHAT] Неизвестный предмет «minecraft:rott»
[02:22:32] [Render thread/INFO] (Minecraft) [CHAT] ...Player785 rott<--[ЗДЕСЬ]
[02:22:41] [Render thread/INFO] (Minecraft) [CHAT] Неизвестный предмет «minecraft:rot»
[02:22:41] [Render thread/INFO] (Minecraft) [CHAT] ...Player785 rot<--[ЗДЕСЬ]
[02:22:46] [Server thread/INFO] (Minecraft) [Player785: Выдано 5 [Гнилая плоть] игроку Player785]
[02:22:46] [Render thread/INFO] (Minecraft) [CHAT] Выдано 5 [Гнилая плоть] игроку Player785
[02:22:53] [Server thread/INFO] (Minecraft) Saving and pausing game...
[02:22:53] [Server thread/INFO] (Minecraft) Saving chunks for level 'ServerLevel[New World]'/minecraft:overworld
[02:22:53] [Server thread/INFO] (Minecraft) Saving chunks for level 'ServerLevel[New World]'/minecraft:the_nether
[02:22:53] [Server thread/INFO] (Minecraft) Saving chunks for level 'ServerLevel[New World]'/minecraft:the_end
[02:23:06] [Server thread/INFO] (Minecraft) [Player785: Применён эффект «Голод» к Player785]
[02:23:06] [Render thread/INFO] (Minecraft) [CHAT] Применён эффект «Голод» к Player785
[02:23:14] [Server thread/INFO] (Minecraft) [Player785: Применён эффект «Голод» к Player785]
[02:23:14] [Render thread/INFO] (Minecraft) [CHAT] Применён эффект «Голод» к Player785
[02:23:27] [Server thread/INFO] (Minecraft) [Player785: Убраны все эффекты с Player785]
[02:23:27] [Render thread/INFO] (Minecraft) [CHAT] Убраны все эффекты с Player785
[02:23:46] [Server thread/INFO] (Minecraft) Saving and pausing game...
[02:23:46] [Server thread/INFO] (Minecraft) Saving chunks for level 'ServerLevel[New World]'/minecraft:overworld
[02:23:46] [Server thread/INFO] (Minecraft) Saving chunks for level 'ServerLevel[New World]'/minecraft:the_nether
[02:23:46] [Server thread/INFO] (Minecraft) Saving chunks for level 'ServerLevel[New World]'/minecraft:the_end
[02:23:48] [Server thread/INFO] (Minecraft) [Player785: Ваш режим игры изменён на Творческий режим]
[02:23:48] [Render thread/INFO] (Minecraft) [CHAT] Ваш режим игры изменён на Творческий режим
[02:23:54] [Server thread/INFO] (Minecraft) Saving and pausing game...
[02:23:54] [Server thread/INFO] (Minecraft) Saving chunks for level 'ServerLevel[New World]'/minecraft:overworld
[02:23:54] [Server thread/INFO] (Minecraft) Saving chunks for level 'ServerLevel[New World]'/minecraft:the_nether
[02:23:54] [Server thread/INFO] (Minecraft) Saving chunks for level 'ServerLevel[New World]'/minecraft:the_end
[02:23:55] [Server thread/INFO] (Minecraft) Player785 lost connection: Отключение
[02:23:55] [Server thread/INFO] (Minecraft) Player785 покинул игру
[02:23:55] [Server thread/INFO] (Minecraft) Stopping singleplayer server as player logged out
[02:23:55] [Server thread/INFO] (Minecraft) Stopping server
[02:23:55] [Server thread/INFO] (Minecraft) Saving players
[02:23:55] [Server thread/INFO] (Minecraft) Saving worlds
[02:23:57] [Server thread/INFO] (Minecraft) Saving chunks for level 'ServerLevel[New World]'/minecraft:overworld
[02:23:58] [Server thread/INFO] (Minecraft) Saving chunks for level 'ServerLevel[New World]'/minecraft:the_nether
[02:23:58] [Server thread/INFO] (Minecraft) Saving chunks for level 'ServerLevel[New World]'/minecraft:the_end
[02:23:58] [Server thread/INFO] (Minecraft) ThreadedAnvilChunkStorage (New World): All chunks are saved
[02:23:58] [Server thread/INFO] (Minecraft) ThreadedAnvilChunkStorage (DIM-1): All chunks are saved
[02:23:58] [Server thread/INFO] (Minecraft) ThreadedAnvilChunkStorage (DIM1): All chunks are saved
[02:23:58] [Server thread/INFO] (Minecraft) ThreadedAnvilChunkStorage: All dimensions are saved
[02:23:59] [Render thread/INFO] (quintairmod) This line is printed by an example mod mixin!
[02:24:00] [Render thread/INFO] (Minecraft) Stopping!
